file /home/rk/akorp/3party/mongo-cxx-driver-v2.4/SConstruct,line 88:
	Configure(confdir = .sconf_temp)
scons: Configure: Checking for C++ library boost_thread... 
.sconf_temp/conftest_0.cpp <-
  |
  |
  |
  |int
  |main() {
  |  
  |return 0;
  |}
  |
g++ -o .sconf_temp/conftest_0.o -c -O3 -pthread -fPIC -D_SCONS -DMONGO_EXPOSE_MACROS -Ibuild -Ibuild/mongo -I/usr/local/include -I/usr/local -I/usr/local/include .sconf_temp/conftest_0.cpp
g++ -o .sconf_temp/conftest_0 -pthread .sconf_temp/conftest_0.o -L/usr/local/lib -L/usr/local/lib64 -lboost_thread
scons: Configure: yes

scons: Configure: Checking for C++ library boost_filesystem... 
.sconf_temp/conftest_1.cpp <-
  |
  |
  |
  |int
  |main() {
  |  
  |return 0;
  |}
  |
g++ -o .sconf_temp/conftest_1.o -c -O3 -pthread -fPIC -D_SCONS -DMONGO_EXPOSE_MACROS -Ibuild -Ibuild/mongo -I/usr/local/include -I/usr/local -I/usr/local/include .sconf_temp/conftest_1.cpp
g++ -o .sconf_temp/conftest_1 -pthread .sconf_temp/conftest_1.o -L/usr/local/lib -L/usr/local/lib64 -lboost_thread -lboost_filesystem
scons: Configure: yes

scons: Configure: Checking for C++ library boost_system... 
.sconf_temp/conftest_2.cpp <-
  |
  |
  |
  |int
  |main() {
  |  
  |return 0;
  |}
  |
g++ -o .sconf_temp/conftest_2.o -c -O3 -pthread -fPIC -D_SCONS -DMONGO_EXPOSE_MACROS -Ibuild -Ibuild/mongo -I/usr/local/include -I/usr/local -I/usr/local/include .sconf_temp/conftest_2.cpp
g++ -o .sconf_temp/conftest_2 -pthread .sconf_temp/conftest_2.o -L/usr/local/lib -L/usr/local/lib64 -lboost_thread -lboost_filesystem -lboost_system
scons: Configure: yes

scons: Configure: Checking for sasl_version_info(0, 0, 0, 0, 0, 0) in C library sasl2... 
.sconf_temp/conftest_3.c <-
  |
  |
  |#include "sasl/sasl.h"
  |
  |int
  |main() {
  |  sasl_version_info(0, 0, 0, 0, 0, 0);
  |return 0;
  |}
  |
gcc -o .sconf_temp/conftest_3.o -c -O3 -pthread -fPIC -D_SCONS -DMONGO_EXPOSE_MACROS -Ibuild -Ibuild/mongo -I/usr/local/include -I/usr/local -I/usr/local/include .sconf_temp/conftest_3.c
.sconf_temp/conftest_3.c:3:23: fatal error: sasl/sasl.h: No such file or directory
compilation terminated.
scons: Configure: no

scons: Configure: Checking for C++ header file execinfo.h... 
.sconf_temp/conftest_4.cpp <-
  |
  |#include "execinfo.h"
  |
  |
g++ -o .sconf_temp/conftest_4.o -c -O3 -pthread -fPIC -D_SCONS -DMONGO_EXPOSE_MACROS -Ibuild -Ibuild/mongo -I/usr/local/include -I/usr/local -I/usr/local/include .sconf_temp/conftest_4.cpp
scons: Configure: yes

scons: Configure: Checking whether backtrace is declared... 
.sconf_temp/conftest_5.c <-
  |#include <execinfo.h>
  |int main()
  |{
  |#ifndef backtrace
  |    (void) backtrace;
  |#endif
  |    ;
  |    return 0;
  |}
  |
gcc -o .sconf_temp/conftest_5.o -c -O3 -pthread -fPIC -D_SCONS -DMONGO_EXPOSE_MACROS -Ibuild -Ibuild/mongo -I/usr/local/include -I/usr/local -I/usr/local/include .sconf_temp/conftest_5.c
scons: Configure: yes

scons: Configure: Checking whether backtrace_symbols is declared... 
.sconf_temp/conftest_6.c <-
  |#include <execinfo.h>
  |int main()
  |{
  |#ifndef backtrace_symbols
  |    (void) backtrace_symbols;
  |#endif
  |    ;
  |    return 0;
  |}
  |
gcc -o .sconf_temp/conftest_6.o -c -O3 -pthread -fPIC -D_SCONS -DMONGO_EXPOSE_MACROS -Ibuild -Ibuild/mongo -I/usr/local/include -I/usr/local -I/usr/local/include .sconf_temp/conftest_6.c
scons: Configure: yes

scons: Configure: Checking whether backtrace_symbols_fd is declared... 
.sconf_temp/conftest_7.c <-
  |#include <execinfo.h>
  |int main()
  |{
  |#ifndef backtrace_symbols_fd
  |    (void) backtrace_symbols_fd;
  |#endif
  |    ;
  |    return 0;
  |}
  |
gcc -o .sconf_temp/conftest_7.o -c -O3 -pthread -fPIC -D_SCONS -DMONGO_EXPOSE_MACROS -Ibuild -Ibuild/mongo -I/usr/local/include -I/usr/local -I/usr/local/include .sconf_temp/conftest_7.c
scons: Configure: yes


